<?xml version="1.0" encoding="UTF-8"?>
<!-- Generated by org.testng.reporters.JUnitReportReporter -->
<testsuite hostname="DESKTOP-FHAGSA8" failures="0" tests="10" name="performance.AmazonPerformance" time="8.850" errors="0" timestamp="2024-06-13T13:45:20 IST" skipped="9">
  <testcase classname="performance.AmazonPerformance" name="Dynamicsearch" time="8.850"/>
  <system-out/>
  <testcase classname="performance.AmazonPerformance" name="verifyDropdown">
    <skipped/>
  </testcase> <!-- verifyDropdown -->
  <system-out/>
  <testcase classname="performance.AmazonPerformance" name="PrintLinks">
    <skipped/>
  </testcase> <!-- PrintLinks -->
  <system-out/>
  <testcase classname="performance.AmazonPerformance" name="search">
    <skipped/>
  </testcase> <!-- search -->
  <system-out/>
  <testcase classname="performance.AmazonPerformance" name="countLinks">
    <skipped/>
  </testcase> <!-- countLinks -->
  <system-out/>
  <testcase classname="performance.AmazonPerformance" name="ClickLinks">
    <skipped/>
  </testcase> <!-- ClickLinks -->
  <system-out/>
  <testcase classname="performance.AmazonPerformance" name="profilehover">
    <skipped/>
  </testcase> <!-- profilehover -->
  <system-out/>
  <testcase classname="performance.AmazonPerformance" name="languagehover">
    <skipped/>
  </testcase> <!-- languagehover -->
  <system-out/>
  <testcase classname="performance.AmazonPerformance" name="verifyTitle">
    <skipped/>
  </testcase> <!-- verifyTitle -->
  <system-out/>
  <testcase classname="performance.AmazonPerformance" name="verifydropdownSelection">
    <skipped/>
  </testcase> <!-- verifydropdownSelection -->
  <system-out/>
</testsuite> <!-- performance.AmazonPerformance -->
